.\bin\release\Demo1.pdb
C:\Users\hp\Desktop\Hydrax-v0.5.1\Demo1\.\bin\release\Demo1.exe
C:\USERS\HP\DESKTOP\HYDRAX-V0.5.1\DEMO1\BIN\RELEASE\DEMO1.EXE
C:\USERS\HP\DESKTOP\HYDRAX-V0.5.1\DEMO1\BIN\RELEASE\DEMO1.PDB
C:\Users\hp\Desktop\Hydrax-v0.5.1\Demo1\obj\release\cl.command.1.tlog
C:\Users\hp\Desktop\Hydrax-v0.5.1\Demo1\obj\release\CL.read.1.tlog
C:\Users\hp\Desktop\Hydrax-v0.5.1\Demo1\obj\release\CL.write.1.tlog
C:\USERS\HP\DESKTOP\HYDRAX-V0.5.1\DEMO1\OBJ\RELEASE\DEMO1.EXE.EMBED.MANIFEST
C:\USERS\HP\DESKTOP\HYDRAX-V0.5.1\DEMO1\OBJ\RELEASE\DEMO1.EXE.EMBED.MANIFEST.RES
C:\USERS\HP\DESKTOP\HYDRAX-V0.5.1\DEMO1\OBJ\RELEASE\DEMO1.EXE.INTERMEDIATE.MANIFEST
C:\Users\hp\Desktop\Hydrax-v0.5.1\Demo1\obj\release\Demo1_manifest.rc
C:\USERS\HP\DESKTOP\HYDRAX-V0.5.1\DEMO1\OBJ\RELEASE\DEMONETWORK.OBJ
C:\Users\hp\Desktop\Hydrax-v0.5.1\Demo1\obj\release\link.command.1.tlog
C:\Users\hp\Desktop\Hydrax-v0.5.1\Demo1\obj\release\link.read.1.tlog
C:\Users\hp\Desktop\Hydrax-v0.5.1\Demo1\obj\release\link.write.1.tlog
C:\Users\hp\Desktop\Hydrax-v0.5.1\Demo1\obj\release\link-cvtres.read.1.tlog
C:\Users\hp\Desktop\Hydrax-v0.5.1\Demo1\obj\release\link-cvtres.write.1.tlog
C:\USERS\HP\DESKTOP\HYDRAX-V0.5.1\DEMO1\OBJ\RELEASE\MAIN.OBJ
C:\Users\hp\Desktop\Hydrax-v0.5.1\Demo1\obj\release\mt.command.1.tlog
C:\Users\hp\Desktop\Hydrax-v0.5.1\Demo1\obj\release\mt.read.1.tlog
C:\Users\hp\Desktop\Hydrax-v0.5.1\Demo1\obj\release\mt.write.1.tlog
C:\Users\hp\Desktop\Hydrax-v0.5.1\Demo1\obj\release\rc.command.1.tlog
C:\Users\hp\Desktop\Hydrax-v0.5.1\Demo1\obj\release\rc.read.1.tlog
C:\Users\hp\Desktop\Hydrax-v0.5.1\Demo1\obj\release\rc.write.1.tlog
C:\USERS\HP\DESKTOP\HYDRAX-V0.5.1\DEMO1\OBJ\RELEASE\VC100.PDB
