Build started 7/1/2008 12:41:50 AM.
     1>Project "C:\Users\hp\Desktop\Hydrax-v0.5.1\Demo1\Demo1.vcxproj" on node 2 (build target(s)).
     1>InitializeBuildStatus:
         Creating ".\obj\release\Demo1.unsuccessfulbuild" because "AlwaysCreate" was specified.
       ClCompile:
         C:\Program Files (x86)\Microsoft Visual Studio 10.0\VC\bin\CL.exe /c /I"C:\irrKlang-1.4.0\include" /I"C:\Users\hp\Desktop\Hydrax-v0.5.1\Demo1\include" /I"C:\Users\hp\Desktop\Hydrax-v0.5.1\Hydrax" /I"E:\OgreSDK_vc10_v1-7-3" /I"E:\OgreSDK_vc10_v1-7-3\boost_1_44" /I"E:\OgreSDK_vc10_v1-7-3\include" /I"E:\OgreSDK_vc10_v1-7-3\include\OGRE" /I"E:\OgreSDK_vc10_v1-7-3\include\OIS" /Zi /nologo /W3 /WX- /O2 /Oy- /GL /D WIN32 /D NDEBUG /D _CONSOLE /D _VC80_UPGRADE=0x0700 /D _MBCS /Gm- /EHsc /MD /GS /fp:fast /Zc:wchar_t /Zc:forScope /Fo".\obj\release\\" /Fd".\obj\release\vc100.pdb" /Gd /TP /analyze- /errorReport:prompt src\demoNetwork.cpp src\main.cpp
         demoNetwork.cpp
     1>src\demoNetwork.cpp(138): warning C4018: '>' : signed/unsigned mismatch
     1>src\demoNetwork.cpp(149): warning C4018: '>' : signed/unsigned mismatch
     1>src\demoNetwork.cpp(162): warning C4244: '=' : conversion from 'double' to 'float', possible loss of data
     1>src\demoNetwork.cpp(165): warning C4244: '=' : conversion from 'double' to 'float', possible loss of data
     1>src\demoNetwork.cpp(168): warning C4244: '=' : conversion from 'double' to 'float', possible loss of data
     1>src\demoNetwork.cpp(171): warning C4244: '=' : conversion from 'double' to 'float', possible loss of data
     1>src\demoNetwork.cpp(174): warning C4244: '=' : conversion from 'double' to 'float', possible loss of data
         main.cpp
     1>e:\ogresdk_vc10_v1-7-3\include\ogre\ExampleFrameListener.h(343): warning C4244: '+=' : conversion from 'double' to 'Ogre::Real', possible loss of data
     1>e:\ogresdk_vc10_v1-7-3\include\ogre\ExampleFrameListener.h(344): warning C4244: '-=' : conversion from 'double' to 'Ogre::Real', possible loss of data
     1>e:\ogresdk_vc10_v1-7-3\include\ogre\ExampleFrameListener.h(348): warning C4244: 'argument' : conversion from 'double' to 'Ogre::Real', possible loss of data
     1>e:\ogresdk_vc10_v1-7-3\include\ogre\ExampleFrameListener.h(349): warning C4244: 'argument' : conversion from 'double' to 'Ogre::Real', possible loss of data
     1>e:\ogresdk_vc10_v1-7-3\include\ogre\ExampleFrameListener.h(454): warning C4244: '-=' : conversion from 'double' to 'Ogre::Real', possible loss of data
     1>src\main.cpp(229): warning C4244: '=' : conversion from 'float' to 'int', possible loss of data
     1>src\main.cpp(396): warning C4244: 'initializing' : conversion from 'double' to 'Ogre::Real', possible loss of data
     1>src\main.cpp(433): warning C4244: 'argument' : conversion from 'double' to 'Ogre::Real', possible loss of data
     1>src\main.cpp(434): warning C4244: 'argument' : conversion from 'double' to 'Ogre::Real', possible loss of data
     1>src\main.cpp(620): warning C4244: '=' : conversion from 'double' to 'Ogre::Real', possible loss of data
     1>src\main.cpp(299): warning C4101: 'GunDownG' : unreferenced local variable
     1>src\main.cpp(299): warning C4101: 'GunLeftB' : unreferenced local variable
     1>src\main.cpp(299): warning C4101: 'GunRightHH' : unreferenced local variable
     1>src\main.cpp(299): warning C4101: 'ShipL' : unreferenced local variable
     1>src\main.cpp(299): warning C4101: 'ShipK' : unreferenced local variable
       ManifestResourceCompile:
         All outputs are up-to-date.
       Link:
         C:\Program Files (x86)\Microsoft Visual Studio 10.0\VC\bin\link.exe /ERRORREPORT:PROMPT /OUT:".\bin\release\Demo1.exe" /INCREMENTAL /NOLOGO /LIBPATH:"C:\irrKlang-1.4.0\lib\Win32-visualStudio" /LIBPATH:"C:\Users\hp\Desktop\Hydrax-v0.5.1\Hydrax\bin\release" /LIBPATH:"C:\Users\hp\Desktop\Hydrax-v0.5.1\Hydrax\lib" /LIBPATH:"E:\OgreSDK_vc10_v1-7-3\boost_1_44\lib" /LIBPATH:"E:\OgreSDK_vc10_v1-7-3\boost_1_44" /LIBPATH:"E:\OgreSDK_vc10_v1-7-3\lib\release" OgreMain.lib OIS.lib Hydrax.lib kernel32.lib user32.lib gdi32.lib winspool.lib comdlg32.lib advapi32.lib shell32.lib ole32.lib oleaut32.lib uuid.lib odbc32.lib odbccp32.lib /MANIFEST /ManifestFile:".\obj\release\Demo1.exe.intermediate.manifest" /MANIFESTUAC:"level='asInvoker' uiAccess='false'" /DEBUG /PDB:"C:\Users\hp\Desktop\Hydrax-v0.5.1\Demo1\bin\release\Demo1.pdb" /SUBSYSTEM:CONSOLE /OPT:REF /OPT:ICF /LTCG /TLBID:1 /DYNAMICBASE /NXCOMPAT /IMPLIB:".\bin\release\Demo1.lib" /MACHINE:X86 .\obj\release\Demo1.exe.embed.manifest.res
         .\obj\release\demoNetwork.obj
         .\obj\release\main.obj
     1>LINK : warning LNK4075: ignoring '/INCREMENTAL' due to '/LTCG' specification
         Generating code
         Finished generating code
       Manifest:
         C:\Program Files (x86)\Microsoft SDKs\Windows\v7.0A\bin\mt.exe /nologo /verbose /out:".\obj\release\Demo1.exe.embed.manifest" /manifest .\obj\release\Demo1.exe.intermediate.manifest
         All outputs are up-to-date.
       LinkEmbedManifest:
         C:\Program Files (x86)\Microsoft Visual Studio 10.0\VC\bin\link.exe /ERRORREPORT:PROMPT /OUT:".\bin\release\Demo1.exe" /INCREMENTAL /NOLOGO /LIBPATH:"C:\irrKlang-1.4.0\lib\Win32-visualStudio" /LIBPATH:"C:\Users\hp\Desktop\Hydrax-v0.5.1\Hydrax\bin\release" /LIBPATH:"C:\Users\hp\Desktop\Hydrax-v0.5.1\Hydrax\lib" /LIBPATH:"E:\OgreSDK_vc10_v1-7-3\boost_1_44\lib" /LIBPATH:"E:\OgreSDK_vc10_v1-7-3\boost_1_44" /LIBPATH:"E:\OgreSDK_vc10_v1-7-3\lib\release" OgreMain.lib OIS.lib Hydrax.lib kernel32.lib user32.lib gdi32.lib winspool.lib comdlg32.lib advapi32.lib shell32.lib ole32.lib oleaut32.lib uuid.lib odbc32.lib odbccp32.lib /MANIFEST /ManifestFile:".\obj\release\Demo1.exe.intermediate.manifest" /MANIFESTUAC:"level='asInvoker' uiAccess='false'" /DEBUG /PDB:"C:\Users\hp\Desktop\Hydrax-v0.5.1\Demo1\bin\release\Demo1.pdb" /SUBSYSTEM:CONSOLE /OPT:REF /OPT:ICF /LTCG /TLBID:1 /DYNAMICBASE /NXCOMPAT /IMPLIB:".\bin\release\Demo1.lib" /MACHINE:X86 .\obj\release\Demo1.exe.embed.manifest.res
         .\obj\release\demoNetwork.obj
         .\obj\release\main.obj
     1>LINK : warning LNK4075: ignoring '/INCREMENTAL' due to '/LTCG' specification
         Generating code
         Finished generating code
         Demo1.vcxproj -> C:\Users\hp\Desktop\Hydrax-v0.5.1\Demo1\.\bin\release\Demo1.exe
       FinalizeBuildStatus:
         Deleting file ".\obj\release\Demo1.unsuccessfulbuild".
         Touching ".\obj\release\Demo1.lastbuildstate".
     1>Done Building Project "C:\Users\hp\Desktop\Hydrax-v0.5.1\Demo1\Demo1.vcxproj" (build target(s)).

Build succeeded.

Time Elapsed 00:00:17.61
